2025-03-26 03:47:23,595 DEBUG: Raw app name: 'Google Chrome'
2025-03-26 03:47:23,596 DEBUG: Normalized app name: 'Google Chrome'
2025-03-26 03:47:23,596 DEBUG: App 'Google Chrome' matched language 'english'
2025-03-26 03:48:15,644 DEBUG: Raw app name: 'Hammerspoon'
2025-03-26 03:48:15,644 DEBUG: Normalized app name: 'Hammerspoon'
2025-03-26 03:48:15,644 DEBUG: No match found for app 'Hammerspoon'
2025-03-26 03:48:22,456 DEBUG: Raw app name: 'Google Chrome'
2025-03-26 03:48:22,457 DEBUG: Normalized app name: 'Google Chrome'
2025-03-26 03:48:22,457 DEBUG: App 'Google Chrome' matched language 'english'
2025-03-26 03:52:29,315 DEBUG: Raw app name: 'Code'
2025-03-26 03:52:29,315 DEBUG: Normalized app name: 'Code'
2025-03-26 03:52:29,317 DEBUG: App 'Code' matched language 'english'
2025-03-26 03:52:45,305 DEBUG: Raw app name: 'Hammerspoon'
2025-03-26 03:52:45,306 DEBUG: Normalized app name: 'Hammerspoon'
2025-03-26 03:52:45,306 DEBUG: No match found for app 'Hammerspoon'
2025-03-26 03:52:48,582 DEBUG: Raw app name: 'Code'
2025-03-26 03:52:48,583 DEBUG: Normalized app name: 'Code'
2025-03-26 03:52:48,583 DEBUG: App 'Code' matched language 'english'
2025-03-26 03:52:50,560 DEBUG: Raw app name: 'Hammerspoon'
2025-03-26 03:52:50,560 DEBUG: Normalized app name: 'Hammerspoon'
2025-03-26 03:52:50,560 DEBUG: No match found for app 'Hammerspoon'
2025-03-26 03:52:59,100 DEBUG: Raw app name: '‏WhatsApp'
2025-03-26 03:52:59,100 DEBUG: Normalized app name: 'WhatsApp'
2025-03-26 03:52:59,100 DEBUG: App 'WhatsApp' matched language 'hebrew'
2025-03-26 03:53:03,992 DEBUG: Raw app name: 'System Settings'
2025-03-26 03:53:03,993 DEBUG: Normalized app name: 'System Settings'
2025-03-26 03:53:03,993 DEBUG: No match found for app 'System Settings'
2025-03-26 03:53:06,802 DEBUG: Raw app name: '‏WhatsApp'
2025-03-26 03:53:06,802 DEBUG: Normalized app name: 'WhatsApp'
2025-03-26 03:53:06,802 DEBUG: App 'WhatsApp' matched language 'hebrew'
2025-03-26 03:53:09,818 DEBUG: Raw app name: 'Code'
2025-03-26 03:53:09,818 DEBUG: Normalized app name: 'Code'
2025-03-26 03:53:09,819 DEBUG: App 'Code' matched language 'english'
2025-03-26 03:53:35,378 DEBUG: Raw app name: 'Hammerspoon'
2025-03-26 03:53:35,378 DEBUG: Normalized app name: 'Hammerspoon'
2025-03-26 03:53:35,378 DEBUG: No match found for app 'Hammerspoon'
2025-03-26 03:53:40,942 DEBUG: Raw app name: 'Code'
2025-03-26 03:53:40,943 DEBUG: Normalized app name: 'Code'
2025-03-26 03:53:40,943 DEBUG: App 'Code' matched language 'english'
2025-03-26 03:53:42,086 DEBUG: Raw app name: 'Hammerspoon'
2025-03-26 03:53:42,086 DEBUG: Normalized app name: 'Hammerspoon'
2025-03-26 03:53:42,087 DEBUG: No match found for app 'Hammerspoon'
2025-03-26 03:53:46,324 DEBUG: Raw app name: 'Code'
2025-03-26 03:53:46,324 DEBUG: Normalized app name: 'Code'
2025-03-26 03:53:46,324 DEBUG: App 'Code' matched language 'english'
2025-03-26 03:53:51,286 DEBUG: Raw app name: 'Google Chrome'
2025-03-26 03:53:51,286 DEBUG: Normalized app name: 'Google Chrome'
2025-03-26 03:53:51,286 DEBUG: App 'Google Chrome' matched language 'english'
2025-03-26 03:54:07,068 DEBUG: Raw app name: 'Code'
2025-03-26 03:54:07,068 DEBUG: Normalized app name: 'Code'
2025-03-26 03:54:07,068 DEBUG: App 'Code' matched language 'english'
2025-03-26 03:54:28,433 DEBUG: Raw app name: 'Google Chrome'
2025-03-26 03:54:28,433 DEBUG: Normalized app name: 'Google Chrome'
2025-03-26 03:54:28,433 DEBUG: App 'Google Chrome' matched language 'english'
2025-03-26 03:54:30,968 DEBUG: Raw app name: 'Code'
2025-03-26 03:54:30,968 DEBUG: Normalized app name: 'Code'
2025-03-26 03:54:30,969 DEBUG: App 'Code' matched language 'english'
2025-03-26 03:54:45,767 DEBUG: Raw app name: 'Google Chrome'
2025-03-26 03:54:45,767 DEBUG: Normalized app name: 'Google Chrome'
2025-03-26 03:54:45,767 DEBUG: App 'Google Chrome' matched language 'english'
2025-03-26 04:01:45,253 DEBUG: Raw app name: 'Code'
2025-03-26 04:01:45,254 DEBUG: Normalized app name: 'Code'
2025-03-26 04:01:45,254 DEBUG: App 'Code' matched language 'english'
2025-03-26 04:04:20,722 DEBUG: Raw app name: 'Google Chrome'
2025-03-26 04:04:20,722 DEBUG: Normalized app name: 'Google Chrome'
2025-03-26 04:04:20,723 DEBUG: App 'Google Chrome' matched language 'english'
2025-03-26 04:04:37,881 DEBUG: Raw app name: 'Code'
2025-03-26 04:04:37,881 DEBUG: Normalized app name: 'Code'
2025-03-26 04:04:37,883 DEBUG: App 'Code' matched language 'english'
2025-03-26 04:05:05,257 DEBUG: Raw app name: 'Hammerspoon'
2025-03-26 04:05:05,258 DEBUG: Normalized app name: 'Hammerspoon'
2025-03-26 04:05:05,259 DEBUG: No match found for app 'Hammerspoon'
2025-03-26 04:05:11,478 DEBUG: Raw app name: 'Code'
2025-03-26 04:05:11,478 DEBUG: Normalized app name: 'Code'
2025-03-26 04:05:11,478 DEBUG: App 'Code' matched language 'english'
2025-03-26 04:05:13,628 DEBUG: Raw app name: 'Hammerspoon'
2025-03-26 04:05:13,628 DEBUG: Normalized app name: 'Hammerspoon'
2025-03-26 04:05:13,628 DEBUG: No match found for app 'Hammerspoon'
2025-03-26 04:05:15,599 DEBUG: Raw app name: '‏WhatsApp'
2025-03-26 04:05:15,599 DEBUG: Normalized app name: 'WhatsApp'
2025-03-26 04:05:15,599 DEBUG: App 'WhatsApp' matched language 'hebrew'
2025-03-26 04:05:18,088 DEBUG: Raw app name: 'Code'
2025-03-26 04:05:18,088 DEBUG: Normalized app name: 'Code'
2025-03-26 04:05:18,088 DEBUG: App 'Code' matched language 'english'
2025-03-26 04:05:19,896 DEBUG: Raw app name: 'Hammerspoon'
2025-03-26 04:05:19,896 DEBUG: Normalized app name: 'Hammerspoon'
2025-03-26 04:05:19,896 DEBUG: No match found for app 'Hammerspoon'
2025-03-26 04:05:22,327 DEBUG: Raw app name: 'Google Chrome'
2025-03-26 04:05:22,327 DEBUG: Normalized app name: 'Google Chrome'
2025-03-26 04:05:22,328 DEBUG: App 'Google Chrome' matched language 'english'
2025-03-26 04:05:25,295 DEBUG: Raw app name: 'Code'
2025-03-26 04:05:25,295 DEBUG: Normalized app name: 'Code'
2025-03-26 04:05:25,295 DEBUG: App 'Code' matched language 'english'
2025-03-26 04:05:43,289 DEBUG: Raw app name: 'Google Chrome'
2025-03-26 04:05:43,289 DEBUG: Normalized app name: 'Google Chrome'
2025-03-26 04:05:43,290 DEBUG: App 'Google Chrome' matched language 'english'
2025-03-26 04:06:08,017 DEBUG: Raw app name: 'Terminal'
2025-03-26 04:06:08,017 DEBUG: Normalized app name: 'Terminal'
2025-03-26 04:06:08,017 DEBUG: App 'Terminal' matched language 'english'
